Compiling the C compiler identification source file "CMakeCCompilerId.c" failed.
Compiler: C:/msys64/ucrt64/bin/cc.exe 
Build flags: 
Id flags:  

The output was:
1


Compiling the C compiler identification source file "CMakeCCompilerId.c" failed.
Compiler: C:/msys64/ucrt64/bin/cc.exe 
Build flags: 
Id flags: -c 

The output was:
1


Compiling the C compiler identification source file "CMakeCCompilerId.c" failed.
Compiler: C:/msys64/ucrt64/bin/cc.exe 
Build flags: 
Id flags: -Aa 

The output was:
1


Compiling the C compiler identification source file "CMakeCCompilerId.c" failed.
Compiler: C:/msys64/ucrt64/bin/cc.exe 
Build flags: 
Id flags: -D__CLASSIC_C__ 

The output was:
1


Compiling the C compiler identification source file "CMakeCCompilerId.c" failed.
Compiler: C:/msys64/ucrt64/bin/cc.exe 
Build flags: 
Id flags: --target=arm-arm-none-eabi;-mcpu=cortex-m3 

The output was:
1
cc.exe: warning: '-mcpu=' is deprecated; use '-mtune=' or '-march=' instead
cc.exe: error: unrecognized command-line option '--target=arm-arm-none-eabi'


Compiling the C compiler identification source file "CMakeCCompilerId.c" failed.
Compiler: C:/msys64/ucrt64/bin/cc.exe 
Build flags: 
Id flags: -c;-I__does_not_exist__ 

The output was:
1


Compiling the C compiler identification source file "CMakeCCompilerId.c" failed.
Compiler: C:/msys64/ucrt64/bin/cc.exe 
Build flags: 
Id flags:  

The output was:
1


Compiling the C compiler identification source file "CMakeCCompilerId.c" failed.
Compiler: C:/msys64/ucrt64/bin/cc.exe 
Build flags: 
Id flags: -c 

The output was:
1


Compiling the C compiler identification source file "CMakeCCompilerId.c" failed.
Compiler: C:/msys64/ucrt64/bin/cc.exe 
Build flags: 
Id flags: -Aa 

The output was:
1


Compiling the C compiler identification source file "CMakeCCompilerId.c" failed.
Compiler: C:/msys64/ucrt64/bin/cc.exe 
Build flags: 
Id flags: -D__CLASSIC_C__ 

The output was:
1


Compiling the C compiler identification source file "CMakeCCompilerId.c" failed.
Compiler: C:/msys64/ucrt64/bin/cc.exe 
Build flags: 
Id flags: --target=arm-arm-none-eabi;-mcpu=cortex-m3 

The output was:
1
cc.exe: warning: '-mcpu=' is deprecated; use '-mtune=' or '-march=' instead
cc.exe: error: unrecognized command-line option '--target=arm-arm-none-eabi'


Compiling the C compiler identification source file "CMakeCCompilerId.c" failed.
Compiler: C:/msys64/ucrt64/bin/cc.exe 
Build flags: 
Id flags: -c;-I__does_not_exist__ 

The output was:
1


Checking whether the C compiler is IAR using "" did not match "IAR .+ Compiler":
cc.exe: fatal error: no input files
compilation terminated.
Checking whether the C compiler is IAR using "" did not match "IAR .+ Compiler":
cc.exe: fatal error: no input files
compilation terminated.
Detecting C compiler ABI info failed to compile with the following output:
Change Dir: E:/src/drone_main/build/CMakeFiles/CMakeTmp

Run Build Command(s):C:/Users/Darsh/.espressif/tools/ninja/1.11.1/ninja.exe cmTC_fada2 && [1/2] Building C object CMakeFiles\cmTC_fada2.dir\CMakeCCompilerABI.c.obj
FAILED: CMakeFiles/cmTC_fada2.dir/CMakeCCompilerABI.c.obj 
C:\msys64\ucrt64\bin\cc.exe    -o CMakeFiles\cmTC_fada2.dir\CMakeCCompilerABI.c.obj -c C:\Users\Darsh\.espressif\tools\cmake\3.24.0\share\cmake-3.24\Modules\CMakeCCompilerABI.c
ninja: build stopped: subcommand failed.




Determining if the C compiler works failed with the following output:
Change Dir: E:/src/drone_main/build/CMakeFiles/CMakeTmp

Run Build Command(s):C:/Users/Darsh/.espressif/tools/ninja/1.11.1/ninja.exe cmTC_04f61 && [1/2] Building C object CMakeFiles\cmTC_04f61.dir\testCCompiler.c.obj
FAILED: CMakeFiles/cmTC_04f61.dir/testCCompiler.c.obj 
C:\msys64\ucrt64\bin\cc.exe    -o CMakeFiles\cmTC_04f61.dir\testCCompiler.c.obj -c E:\src\drone_main\build\CMakeFiles\CMakeTmp\testCCompiler.c
ninja: build stopped: subcommand failed.



